{"D:\\test-interview\\stock-chart\\setupJest.js": {"path":"D:\\test-interview\\stock-chart\\setupJest.js","statementMap":{"0":{"start":{"line":1,"column":15},"end":{"line":1,"column":32}},"1":{"start":{"line":2,"column":22},"end":{"line":2,"column":56}},"2":{"start":{"line":5,"column":0},"end":{"line":5,"column":51}}},"fnMap":{},"branchMap":{},"s":{"0":3,"1":3,"2":3},"f":{},"b":{},"_coverageSchema":"332fd63041d2c1bcb487cc26dd0d5f7d97098a6c","hash":"096d9e3c155fcb937985093080abddd9193ee87a"}
,"D:\\test-interview\\stock-chart\\src\\actions\\index.js": {"path":"D:\\test-interview\\stock-chart\\src\\actions\\index.js","statementMap":{"0":{"start":{"line":1,"column":30},"end":{"line":1,"column":46}},"1":{"start":{"line":3,"column":41},"end":{"line":3,"column":68}},"2":{"start":{"line":4,"column":40},"end":{"line":4,"column":66}},"3":{"start":{"line":5,"column":37},"end":{"line":5,"column":60}},"4":{"start":{"line":8,"column":2},"end":{"line":10,"column":3}},"5":{"start":{"line":14,"column":2},"end":{"line":16,"column":3}},"6":{"start":{"line":20,"column":2},"end":{"line":23,"column":3}},"7":{"start":{"line":27,"column":2},"end":{"line":30,"column":3}},"8":{"start":{"line":33,"column":30},"end":{"line":33,"column":46}},"9":{"start":{"line":36,"column":2},"end":{"line":39,"column":3}},"10":{"start":{"line":42,"column":33},"end":{"line":42,"column":52}},"11":{"start":{"line":45,"column":2},"end":{"line":48,"column":3}},"12":{"start":{"line":51,"column":29},"end":{"line":51,"column":44}},"13":{"start":{"line":54,"column":2},"end":{"line":57,"column":3}}},"fnMap":{"0":{"name":"getCategories","decl":{"start":{"line":7,"column":16},"end":{"line":7,"column":29}},"loc":{"start":{"line":7,"column":32},"end":{"line":11,"column":1}},"line":7},"1":{"name":"getCategoriesStart","decl":{"start":{"line":13,"column":16},"end":{"line":13,"column":34}},"loc":{"start":{"line":13,"column":37},"end":{"line":17,"column":1}},"line":13},"2":{"name":"getCategoriesSuccesed","decl":{"start":{"line":19,"column":16},"end":{"line":19,"column":37}},"loc":{"start":{"line":19,"column":44},"end":{"line":24,"column":1}},"line":19},"3":{"name":"getCategoriesFailed","decl":{"start":{"line":26,"column":16},"end":{"line":26,"column":35}},"loc":{"start":{"line":26,"column":43},"end":{"line":31,"column":1}},"line":26},"4":{"name":"clickShowAll","decl":{"start":{"line":35,"column":16},"end":{"line":35,"column":28}},"loc":{"start":{"line":35,"column":36},"end":{"line":40,"column":1}},"line":35},"5":{"name":"updateCategories","decl":{"start":{"line":44,"column":16},"end":{"line":44,"column":32}},"loc":{"start":{"line":44,"column":39},"end":{"line":49,"column":1}},"line":44},"6":{"name":"updateStores","decl":{"start":{"line":53,"column":16},"end":{"line":53,"column":28}},"loc":{"start":{"line":53,"column":35},"end":{"line":58,"column":1}},"line":53}},"branchMap":{},"s":{"0":3,"1":3,"2":3,"3":3,"4":1,"5":0,"6":0,"7":0,"8":3,"9":0,"10":3,"11":0,"12":3,"13":0},"f":{"0":1,"1":0,"2":0,"3":0,"4":0,"5":0,"6":0},"b":{},"_coverageSchema":"332fd63041d2c1bcb487cc26dd0d5f7d97098a6c","hash":"971571d0964aed55232c0fe1ffc1ae6ad24647d4"}
,"D:\\test-interview\\stock-chart\\src\\components\\index.js": {"path":"D:\\test-interview\\stock-chart\\src\\components\\index.js","statementMap":{},"fnMap":{},"branchMap":{},"s":{},"f":{},"b":{},"_coverageSchema":"332fd63041d2c1bcb487cc26dd0d5f7d97098a6c","hash":"1f3a3af94987cec06ac929d102ad522bd4bd6dd3"}
,"D:\\test-interview\\stock-chart\\src\\components\\App\\App.jsx": {"path":"D:\\test-interview\\stock-chart\\src\\components\\App\\App.jsx","statementMap":{"0":{"start":{"line":11,"column":10},"end":{"line":11,"column":32}},"1":{"start":{"line":15,"column":4},"end":{"line":15,"column":19}},"2":{"start":{"line":19,"column":4},"end":{"line":30,"column":6}},"3":{"start":{"line":34,"column":30},"end":{"line":34,"column":48}},"4":{"start":{"line":35,"column":4},"end":{"line":35,"column":20}},"5":{"start":{"line":39,"column":27},"end":{"line":41,"column":2}},"6":{"start":{"line":39,"column":40},"end":{"line":41,"column":1}}},"fnMap":{"0":{"name":"(anonymous_0)","decl":{"start":{"line":14,"column":2},"end":{"line":14,"column":3}},"loc":{"start":{"line":14,"column":22},"end":{"line":16,"column":3}},"line":14},"1":{"name":"(anonymous_1)","decl":{"start":{"line":18,"column":2},"end":{"line":18,"column":3}},"loc":{"start":{"line":18,"column":11},"end":{"line":31,"column":3}},"line":18},"2":{"name":"(anonymous_2)","decl":{"start":{"line":33,"column":2},"end":{"line":33,"column":3}},"loc":{"start":{"line":33,"column":12},"end":{"line":36,"column":3}},"line":33},"3":{"name":"(anonymous_3)","decl":{"start":{"line":39,"column":27},"end":{"line":39,"column":28}},"loc":{"start":{"line":39,"column":40},"end":{"line":41,"column":1}},"line":39}},"branchMap":{},"s":{"0":1,"1":1,"2":1,"3":1,"4":1,"5":1,"6":1},"f":{"0":1,"1":1,"2":1,"3":1},"b":{},"_coverageSchema":"332fd63041d2c1bcb487cc26dd0d5f7d97098a6c","hash":"42316a2f27ebc7377cdeb4ab8b4e0f7cd1ad8b71"}
,"D:\\test-interview\\stock-chart\\src\\components\\Header\\Header.jsx": {"path":"D:\\test-interview\\stock-chart\\src\\components\\Header\\Header.jsx","statementMap":{"0":{"start":{"line":20,"column":10},"end":{"line":20,"column":25}},"1":{"start":{"line":22,"column":14},"end":{"line":32,"column":1}},"2":{"start":{"line":34,"column":15},"end":{"line":43,"column":1}},"3":{"start":{"line":47,"column":27},"end":{"line":47,"column":37}},"4":{"start":{"line":48,"column":16},"end":{"line":48,"column":18}},"5":{"start":{"line":49,"column":4},"end":{"line":73,"column":6}},"6":{"start":{"line":53,"column":12},"end":{"line":53,"column":20}},"7":{"start":{"line":54,"column":12},"end":{"line":69,"column":14}},"8":{"start":{"line":78,"column":46},"end":{"line":78,"column":56}},"9":{"start":{"line":79,"column":23},"end":{"line":79,"column":49}},"10":{"start":{"line":80,"column":4},"end":{"line":91,"column":5}},"11":{"start":{"line":81,"column":25},"end":{"line":81,"column":81}},"12":{"start":{"line":81,"column":56},"end":{"line":81,"column":74}},"13":{"start":{"line":82,"column":6},"end":{"line":89,"column":7}},"14":{"start":{"line":83,"column":8},"end":{"line":87,"column":11}},"15":{"start":{"line":84,"column":10},"end":{"line":86,"column":11}},"16":{"start":{"line":85,"column":12},"end":{"line":85,"column":48}},"17":{"start":{"line":88,"column":8},"end":{"line":88,"column":29}},"18":{"start":{"line":90,"column":6},"end":{"line":90,"column":35}},"19":{"start":{"line":95,"column":27},"end":{"line":97,"column":2}},"20":{"start":{"line":95,"column":40},"end":{"line":97,"column":1}},"21":{"start":{"line":99,"column":24},"end":{"line":105,"column":1}},"22":{"start":{"line":100,"column":2},"end":{"line":104,"column":4}}},"fnMap":{"0":{"name":"(anonymous_0)","decl":{"start":{"line":46,"column":2},"end":{"line":46,"column":3}},"loc":{"start":{"line":46,"column":11},"end":{"line":74,"column":3}},"line":46},"1":{"name":"(anonymous_1)","decl":{"start":{"line":52,"column":28},"end":{"line":52,"column":29}},"loc":{"start":{"line":52,"column":40},"end":{"line":70,"column":11}},"line":52},"2":{"name":"(anonymous_2)","decl":{"start":{"line":76,"column":2},"end":{"line":76,"column":3}},"loc":{"start":{"line":77,"column":22},"end":{"line":92,"column":3}},"line":77},"3":{"name":"(anonymous_3)","decl":{"start":{"line":80,"column":11},"end":{"line":80,"column":12}},"loc":{"start":{"line":80,"column":17},"end":{"line":91,"column":5}},"line":80},"4":{"name":"(anonymous_4)","decl":{"start":{"line":81,"column":44},"end":{"line":81,"column":45}},"loc":{"start":{"line":81,"column":56},"end":{"line":81,"column":74}},"line":81},"5":{"name":"(anonymous_5)","decl":{"start":{"line":83,"column":30},"end":{"line":83,"column":31}},"loc":{"start":{"line":83,"column":42},"end":{"line":87,"column":9}},"line":83},"6":{"name":"(anonymous_6)","decl":{"start":{"line":95,"column":27},"end":{"line":95,"column":28}},"loc":{"start":{"line":95,"column":40},"end":{"line":97,"column":1}},"line":95},"7":{"name":"(anonymous_7)","decl":{"start":{"line":99,"column":24},"end":{"line":99,"column":25}},"loc":{"start":{"line":99,"column":35},"end":{"line":105,"column":1}},"line":99}},"branchMap":{"0":{"loc":{"start":{"line":56,"column":20},"end":{"line":56,"column":92}},"type":"cond-expr","locations":[{"start":{"line":56,"column":41},"end":{"line":56,"column":54}},{"start":{"line":56,"column":57},"end":{"line":56,"column":92}}],"line":56},"1":{"loc":{"start":{"line":81,"column":25},"end":{"line":81,"column":81}},"type":"binary-expr","locations":[{"start":{"line":81,"column":25},"end":{"line":81,"column":75}},{"start":{"line":81,"column":79},"end":{"line":81,"column":81}}],"line":81},"2":{"loc":{"start":{"line":82,"column":6},"end":{"line":89,"column":7}},"type":"if","locations":[{"start":{"line":82,"column":6},"end":{"line":89,"column":7}},{"start":{"line":82,"column":6},"end":{"line":89,"column":7}}],"line":82},"3":{"loc":{"start":{"line":84,"column":10},"end":{"line":86,"column":11}},"type":"if","locations":[{"start":{"line":84,"column":10},"end":{"line":86,"column":11}},{"start":{"line":84,"column":10},"end":{"line":86,"column":11}}],"line":84},"4":{"loc":{"start":{"line":84,"column":14},"end":{"line":84,"column":80}},"type":"binary-expr","locations":[{"start":{"line":84,"column":14},"end":{"line":84,"column":47}},{"start":{"line":84,"column":51},"end":{"line":84,"column":80}}],"line":84}},"s":{"0":2,"1":2,"2":2,"3":3,"4":3,"5":3,"6":2,"7":2,"8":2,"9":2,"10":2,"11":1,"12":1,"13":1,"14":1,"15":1,"16":0,"17":1,"18":1,"19":2,"20":2,"21":2,"22":2},"f":{"0":3,"1":2,"2":2,"3":1,"4":1,"5":1,"6":2,"7":2},"b":{"0":[2,0],"1":[1,0],"2":[1,0],"3":[0,1],"4":[1,0]},"_coverageSchema":"332fd63041d2c1bcb487cc26dd0d5f7d97098a6c","hash":"9d58e5c496857a021be07e944240a623ee360f53"}
,"D:\\test-interview\\stock-chart\\src\\components\\Store\\Store.jsx": {"path":"D:\\test-interview\\stock-chart\\src\\components\\Store\\Store.jsx","statementMap":{"0":{"start":{"line":21,"column":10},"end":{"line":21,"column":24}},"1":{"start":{"line":23,"column":27},"end":{"line":23,"column":28}},"2":{"start":{"line":24,"column":27},"end":{"line":24,"column":29}},"3":{"start":{"line":27,"column":2},"end":{"line":27,"column":24}},"4":{"start":{"line":32,"column":71},"end":{"line":32,"column":81}},"5":{"start":{"line":33,"column":53},"end":{"line":33,"column":62}},"6":{"start":{"line":34,"column":4},"end":{"line":36,"column":5}},"7":{"start":{"line":35,"column":6},"end":{"line":35,"column":26}},"8":{"start":{"line":44,"column":8},"end":{"line":44,"column":18}},"9":{"start":{"line":45,"column":25},"end":{"line":45,"column":27}},"10":{"start":{"line":46,"column":25},"end":{"line":46,"column":27}},"11":{"start":{"line":47,"column":28},"end":{"line":47,"column":122}},"12":{"start":{"line":47,"column":59},"end":{"line":47,"column":115}},"13":{"start":{"line":49,"column":4},"end":{"line":53,"column":5}},"14":{"start":{"line":50,"column":6},"end":{"line":50,"column":114}},"15":{"start":{"line":50,"column":53},"end":{"line":50,"column":112}},"16":{"start":{"line":52,"column":6},"end":{"line":52,"column":25}},"17":{"start":{"line":54,"column":4},"end":{"line":114,"column":6}},"18":{"start":{"line":61,"column":16},"end":{"line":61,"column":33}},"19":{"start":{"line":62,"column":16},"end":{"line":62,"column":33}},"20":{"start":{"line":63,"column":34},"end":{"line":65,"column":17}},"21":{"start":{"line":66,"column":16},"end":{"line":78,"column":17}},"22":{"start":{"line":67,"column":18},"end":{"line":77,"column":20}},"23":{"start":{"line":79,"column":16},"end":{"line":79,"column":28}},"24":{"start":{"line":119,"column":29},"end":{"line":119,"column":47}},"25":{"start":{"line":120,"column":4},"end":{"line":120,"column":23}},"26":{"start":{"line":125,"column":82},"end":{"line":125,"column":92}},"27":{"start":{"line":126,"column":19},"end":{"line":126,"column":41}},"28":{"start":{"line":127,"column":28},"end":{"line":127,"column":122}},"29":{"start":{"line":127,"column":59},"end":{"line":127,"column":115}},"30":{"start":{"line":128,"column":4},"end":{"line":139,"column":5}},"31":{"start":{"line":129,"column":25},"end":{"line":129,"column":114}},"32":{"start":{"line":129,"column":49},"end":{"line":129,"column":107}},"33":{"start":{"line":130,"column":6},"end":{"line":137,"column":7}},"34":{"start":{"line":131,"column":8},"end":{"line":135,"column":11}},"35":{"start":{"line":132,"column":10},"end":{"line":134,"column":11}},"36":{"start":{"line":133,"column":12},"end":{"line":133,"column":42}},"37":{"start":{"line":136,"column":8},"end":{"line":136,"column":29}},"38":{"start":{"line":138,"column":6},"end":{"line":138,"column":27}},"39":{"start":{"line":143,"column":27},"end":{"line":145,"column":2}},"40":{"start":{"line":143,"column":40},"end":{"line":145,"column":1}},"41":{"start":{"line":147,"column":24},"end":{"line":155,"column":1}},"42":{"start":{"line":148,"column":2},"end":{"line":154,"column":4}}},"fnMap":{"0":{"name":"compareName","decl":{"start":{"line":26,"column":9},"end":{"line":26,"column":20}},"loc":{"start":{"line":26,"column":34},"end":{"line":28,"column":1}},"line":26},"1":{"name":"(anonymous_1)","decl":{"start":{"line":31,"column":2},"end":{"line":31,"column":3}},"loc":{"start":{"line":31,"column":32},"end":{"line":37,"column":3}},"line":31},"2":{"name":"(anonymous_2)","decl":{"start":{"line":38,"column":2},"end":{"line":38,"column":3}},"loc":{"start":{"line":38,"column":11},"end":{"line":115,"column":3}},"line":38},"3":{"name":"(anonymous_3)","decl":{"start":{"line":47,"column":47},"end":{"line":47,"column":48}},"loc":{"start":{"line":47,"column":59},"end":{"line":47,"column":115}},"line":47},"4":{"name":"(anonymous_4)","decl":{"start":{"line":50,"column":35},"end":{"line":50,"column":36}},"loc":{"start":{"line":50,"column":53},"end":{"line":50,"column":112}},"line":50},"5":{"name":"(anonymous_5)","decl":{"start":{"line":60,"column":14},"end":{"line":60,"column":15}},"loc":{"start":{"line":60,"column":23},"end":{"line":80,"column":15}},"line":60},"6":{"name":"(anonymous_6)","decl":{"start":{"line":117,"column":2},"end":{"line":117,"column":3}},"loc":{"start":{"line":118,"column":23},"end":{"line":121,"column":3}},"line":118},"7":{"name":"(anonymous_7)","decl":{"start":{"line":123,"column":2},"end":{"line":123,"column":3}},"loc":{"start":{"line":124,"column":22},"end":{"line":140,"column":3}},"line":124},"8":{"name":"(anonymous_8)","decl":{"start":{"line":127,"column":47},"end":{"line":127,"column":48}},"loc":{"start":{"line":127,"column":59},"end":{"line":127,"column":115}},"line":127},"9":{"name":"(anonymous_9)","decl":{"start":{"line":128,"column":11},"end":{"line":128,"column":12}},"loc":{"start":{"line":128,"column":17},"end":{"line":139,"column":5}},"line":128},"10":{"name":"(anonymous_10)","decl":{"start":{"line":129,"column":40},"end":{"line":129,"column":41}},"loc":{"start":{"line":129,"column":49},"end":{"line":129,"column":107}},"line":129},"11":{"name":"(anonymous_11)","decl":{"start":{"line":131,"column":26},"end":{"line":131,"column":27}},"loc":{"start":{"line":131,"column":35},"end":{"line":135,"column":9}},"line":131},"12":{"name":"(anonymous_12)","decl":{"start":{"line":143,"column":27},"end":{"line":143,"column":28}},"loc":{"start":{"line":143,"column":40},"end":{"line":145,"column":1}},"line":143},"13":{"name":"(anonymous_13)","decl":{"start":{"line":147,"column":24},"end":{"line":147,"column":25}},"loc":{"start":{"line":147,"column":35},"end":{"line":155,"column":1}},"line":147}},"branchMap":{"0":{"loc":{"start":{"line":34,"column":4},"end":{"line":36,"column":5}},"type":"if","locations":[{"start":{"line":34,"column":4},"end":{"line":36,"column":5}},{"start":{"line":34,"column":4},"end":{"line":36,"column":5}}],"line":34},"1":{"loc":{"start":{"line":47,"column":28},"end":{"line":47,"column":122}},"type":"binary-expr","locations":[{"start":{"line":47,"column":28},"end":{"line":47,"column":116}},{"start":{"line":47,"column":120},"end":{"line":47,"column":122}}],"line":47},"2":{"loc":{"start":{"line":47,"column":72},"end":{"line":47,"column":107}},"type":"binary-expr","locations":[{"start":{"line":47,"column":72},"end":{"line":47,"column":90}},{"start":{"line":47,"column":94},"end":{"line":47,"column":107}}],"line":47},"3":{"loc":{"start":{"line":49,"column":4},"end":{"line":53,"column":5}},"type":"if","locations":[{"start":{"line":49,"column":4},"end":{"line":53,"column":5}},{"start":{"line":49,"column":4},"end":{"line":53,"column":5}}],"line":49},"4":{"loc":{"start":{"line":64,"column":34},"end":{"line":64,"column":82}},"type":"binary-expr","locations":[{"start":{"line":64,"column":34},"end":{"line":64,"column":42}},{"start":{"line":64,"column":46},"end":{"line":64,"column":82}}],"line":64},"5":{"loc":{"start":{"line":66,"column":16},"end":{"line":78,"column":17}},"type":"if","locations":[{"start":{"line":66,"column":16},"end":{"line":78,"column":17}},{"start":{"line":66,"column":16},"end":{"line":78,"column":17}}],"line":66},"6":{"loc":{"start":{"line":66,"column":20},"end":{"line":66,"column":68}},"type":"binary-expr","locations":[{"start":{"line":66,"column":21},"end":{"line":66,"column":56}},{"start":{"line":66,"column":61},"end":{"line":66,"column":68}}],"line":66},"7":{"loc":{"start":{"line":75,"column":54},"end":{"line":75,"column":85}},"type":"binary-expr","locations":[{"start":{"line":75,"column":54},"end":{"line":75,"column":71}},{"start":{"line":75,"column":75},"end":{"line":75,"column":85}}],"line":75},"8":{"loc":{"start":{"line":82,"column":14},"end":{"line":95,"column":22}},"type":"cond-expr","locations":[{"start":{"line":85,"column":16},"end":{"line":94,"column":23}},{"start":{"line":95,"column":18},"end":{"line":95,"column":22}}],"line":82},"9":{"loc":{"start":{"line":82,"column":14},"end":{"line":84,"column":53}},"type":"binary-expr","locations":[{"start":{"line":82,"column":14},"end":{"line":82,"column":22}},{"start":{"line":83,"column":15},"end":{"line":83,"column":24}},{"start":{"line":84,"column":15},"end":{"line":84,"column":52}}],"line":82},"10":{"loc":{"start":{"line":100,"column":10},"end":{"line":111,"column":11}},"type":"binary-expr","locations":[{"start":{"line":100,"column":10},"end":{"line":100,"column":18}},{"start":{"line":101,"column":11},"end":{"line":101,"column":20}},{"start":{"line":102,"column":11},"end":{"line":102,"column":48}},{"start":{"line":103,"column":12},"end":{"line":110,"column":15}}],"line":100},"11":{"loc":{"start":{"line":127,"column":28},"end":{"line":127,"column":122}},"type":"binary-expr","locations":[{"start":{"line":127,"column":28},"end":{"line":127,"column":116}},{"start":{"line":127,"column":120},"end":{"line":127,"column":122}}],"line":127},"12":{"loc":{"start":{"line":127,"column":72},"end":{"line":127,"column":107}},"type":"binary-expr","locations":[{"start":{"line":127,"column":72},"end":{"line":127,"column":90}},{"start":{"line":127,"column":94},"end":{"line":127,"column":107}}],"line":127},"13":{"loc":{"start":{"line":129,"column":25},"end":{"line":129,"column":114}},"type":"binary-expr","locations":[{"start":{"line":129,"column":25},"end":{"line":129,"column":108}},{"start":{"line":129,"column":112},"end":{"line":129,"column":114}}],"line":129},"14":{"loc":{"start":{"line":129,"column":49},"end":{"line":129,"column":107}},"type":"binary-expr","locations":[{"start":{"line":129,"column":49},"end":{"line":129,"column":64}},{"start":{"line":129,"column":68},"end":{"line":129,"column":107}}],"line":129},"15":{"loc":{"start":{"line":130,"column":6},"end":{"line":137,"column":7}},"type":"if","locations":[{"start":{"line":130,"column":6},"end":{"line":137,"column":7}},{"start":{"line":130,"column":6},"end":{"line":137,"column":7}}],"line":130},"16":{"loc":{"start":{"line":132,"column":10},"end":{"line":134,"column":11}},"type":"if","locations":[{"start":{"line":132,"column":10},"end":{"line":134,"column":11}},{"start":{"line":132,"column":10},"end":{"line":134,"column":11}}],"line":132},"17":{"loc":{"start":{"line":132,"column":14},"end":{"line":132,"column":74}},"type":"binary-expr","locations":[{"start":{"line":132,"column":14},"end":{"line":132,"column":44}},{"start":{"line":132,"column":48},"end":{"line":132,"column":74}}],"line":132}},"s":{"0":2,"1":2,"2":2,"3":5,"4":0,"5":0,"6":0,"7":0,"8":3,"9":3,"10":3,"11":3,"12":2,"13":3,"14":1,"15":1,"16":2,"17":3,"18":2,"19":2,"20":2,"21":2,"22":2,"23":0,"24":0,"25":0,"26":2,"27":2,"28":2,"29":2,"30":2,"31":1,"32":1,"33":1,"34":1,"35":1,"36":0,"37":1,"38":1,"39":2,"40":2,"41":2,"42":2},"f":{"0":5,"1":0,"2":3,"3":2,"4":1,"5":2,"6":0,"7":2,"8":2,"9":1,"10":1,"11":1,"12":2,"13":2},"b":{"0":[0,0],"1":[3,2],"2":[2,0],"3":[1,2],"4":[2,2],"5":[2,0],"6":[2,0],"7":[2,0],"8":[0,3],"9":[3,3,2],"10":[3,3,2,0],"11":[2,1],"12":[2,0],"13":[1,0],"14":[1,1],"15":[1,0],"16":[0,1],"17":[1,0]},"_coverageSchema":"332fd63041d2c1bcb487cc26dd0d5f7d97098a6c","hash":"6b887269f484f7c8ecf5e14e1698be21b27504df"}
,"D:\\test-interview\\stock-chart\\src\\reducers\\selectors.js": {"path":"D:\\test-interview\\stock-chart\\src\\reducers\\selectors.js","statementMap":{"0":{"start":{"line":1,"column":42},"end":{"line":1,"column":78}},"1":{"start":{"line":1,"column":51},"end":{"line":1,"column":78}},"2":{"start":{"line":2,"column":37},"end":{"line":2,"column":69}},"3":{"start":{"line":2,"column":46},"end":{"line":2,"column":69}},"4":{"start":{"line":3,"column":52},"end":{"line":3,"column":88}},"5":{"start":{"line":3,"column":61},"end":{"line":3,"column":88}},"6":{"start":{"line":4,"column":47},"end":{"line":4,"column":78}},"7":{"start":{"line":4,"column":56},"end":{"line":4,"column":78}},"8":{"start":{"line":6,"column":31},"end":{"line":6,"column":56}},"9":{"start":{"line":6,"column":40},"end":{"line":6,"column":56}}},"fnMap":{"0":{"name":"(anonymous_0)","decl":{"start":{"line":1,"column":42},"end":{"line":1,"column":43}},"loc":{"start":{"line":1,"column":51},"end":{"line":1,"column":78}},"line":1},"1":{"name":"(anonymous_1)","decl":{"start":{"line":2,"column":37},"end":{"line":2,"column":38}},"loc":{"start":{"line":2,"column":46},"end":{"line":2,"column":69}},"line":2},"2":{"name":"(anonymous_2)","decl":{"start":{"line":3,"column":52},"end":{"line":3,"column":53}},"loc":{"start":{"line":3,"column":61},"end":{"line":3,"column":88}},"line":3},"3":{"name":"(anonymous_3)","decl":{"start":{"line":4,"column":47},"end":{"line":4,"column":48}},"loc":{"start":{"line":4,"column":56},"end":{"line":4,"column":78}},"line":4},"4":{"name":"(anonymous_4)","decl":{"start":{"line":6,"column":31},"end":{"line":6,"column":32}},"loc":{"start":{"line":6,"column":40},"end":{"line":6,"column":56}},"line":6}},"branchMap":{},"s":{"0":3,"1":4,"2":3,"3":2,"4":3,"5":4,"6":3,"7":4,"8":3,"9":2},"f":{"0":4,"1":2,"2":4,"3":4,"4":2},"b":{},"_coverageSchema":"332fd63041d2c1bcb487cc26dd0d5f7d97098a6c","hash":"43a0886d1f2cc9e9e83fc9a6a24cd1c5e238424c"}
}
